{"C:/Users/DELL/Desktop/Gomailer react/dummy-users-app/src/App.tsx": {"path":"C:/Users/DELL/Desktop/Gomailer react/dummy-users-app/src/App.tsx","statementMap":{"0":{"start":{"line":8,"column":22},"end":{"line":20,"column":null}},"1":{"start":{"line":9,"column":42},"end":{"line":9,"column":null}},"2":{"start":{"line":11,"column":2},"end":{"line":18,"column":null}}},"fnMap":{"0":{"name":"(anonymous_0)","decl":{"start":{"line":8,"column":22},"end":{"line":8,"column":28}},"loc":{"start":{"line":8,"column":28},"end":{"line":20,"column":null}}}},"branchMap":{},"s":{"0":2,"1":3,"2":3},"f":{"0":3},"b":{}}
,"C:/Users/DELL/Desktop/Gomailer react/dummy-users-app/src/main.tsx": {"path":"C:/Users/DELL/Desktop/Gomailer react/dummy-users-app/src/main.tsx","statementMap":{"0":{"start":{"line":6,"column":0},"end":{"line":10,"column":null}}},"fnMap":{},"branchMap":{},"s":{"0":0},"f":{},"b":{}}
,"C:/Users/DELL/Desktop/Gomailer react/dummy-users-app/src/components/UserDetails.tsx": {"path":"C:/Users/DELL/Desktop/Gomailer react/dummy-users-app/src/components/UserDetails.tsx","statementMap":{"0":{"start":{"line":10,"column":48},"end":{"line":43,"column":null}},"1":{"start":{"line":11,"column":40},"end":{"line":11,"column":null}},"2":{"start":{"line":13,"column":2},"end":{"line":28,"column":null}},"3":{"start":{"line":14,"column":4},"end":{"line":27,"column":null}},"4":{"start":{"line":15,"column":31},"end":{"line":24,"column":null}},"5":{"start":{"line":16,"column":8},"end":{"line":23,"column":null}},"6":{"start":{"line":17,"column":27},"end":{"line":19,"column":null}},"7":{"start":{"line":20,"column":10},"end":{"line":20,"column":null}},"8":{"start":{"line":22,"column":10},"end":{"line":22,"column":null}},"9":{"start":{"line":26,"column":6},"end":{"line":26,"column":null}},"10":{"start":{"line":30,"column":2},"end":{"line":32,"column":null}},"11":{"start":{"line":31,"column":4},"end":{"line":31,"column":null}},"12":{"start":{"line":34,"column":2},"end":{"line":41,"column":null}}},"fnMap":{"0":{"name":"(anonymous_0)","decl":{"start":{"line":10,"column":48},"end":{"line":10,"column":49}},"loc":{"start":{"line":10,"column":62},"end":{"line":43,"column":null}}},"1":{"name":"(anonymous_1)","decl":{"start":{"line":13,"column":12},"end":{"line":13,"column":18}},"loc":{"start":{"line":13,"column":18},"end":{"line":28,"column":5}}},"2":{"name":"(anonymous_2)","decl":{"start":{"line":15,"column":31},"end":{"line":15,"column":43}},"loc":{"start":{"line":15,"column":43},"end":{"line":24,"column":null}}}},"branchMap":{"0":{"loc":{"start":{"line":14,"column":4},"end":{"line":27,"column":null}},"type":"if","locations":[{"start":{"line":14,"column":4},"end":{"line":27,"column":null}},{"start":{},"end":{}}]},"1":{"loc":{"start":{"line":30,"column":2},"end":{"line":32,"column":null}},"type":"if","locations":[{"start":{"line":30,"column":2},"end":{"line":32,"column":null}},{"start":{},"end":{}}]}},"s":{"0":3,"1":7,"2":7,"3":6,"4":2,"5":2,"6":2,"7":1,"8":1,"9":2,"10":7,"11":4,"12":3},"f":{"0":7,"1":6,"2":2},"b":{"0":[2,4],"1":[4,3]}}
,"C:/Users/DELL/Desktop/Gomailer react/dummy-users-app/src/components/UsersList.tsx": {"path":"C:/Users/DELL/Desktop/Gomailer react/dummy-users-app/src/components/UsersList.tsx","statementMap":{"0":{"start":{"line":10,"column":44},"end":{"line":47,"column":null}},"1":{"start":{"line":11,"column":28},"end":{"line":11,"column":null}},"2":{"start":{"line":12,"column":32},"end":{"line":12,"column":null}},"3":{"start":{"line":14,"column":2},"end":{"line":27,"column":null}},"4":{"start":{"line":15,"column":23},"end":{"line":24,"column":null}},"5":{"start":{"line":16,"column":6},"end":{"line":23,"column":null}},"6":{"start":{"line":17,"column":25},"end":{"line":17,"column":null}},"7":{"start":{"line":18,"column":8},"end":{"line":18,"column":null}},"8":{"start":{"line":19,"column":8},"end":{"line":19,"column":null}},"9":{"start":{"line":21,"column":8},"end":{"line":21,"column":null}},"10":{"start":{"line":22,"column":8},"end":{"line":22,"column":null}},"11":{"start":{"line":26,"column":4},"end":{"line":26,"column":null}},"12":{"start":{"line":29,"column":2},"end":{"line":31,"column":null}},"13":{"start":{"line":30,"column":4},"end":{"line":30,"column":null}},"14":{"start":{"line":33,"column":2},"end":{"line":45,"column":null}},"15":{"start":{"line":36,"column":8},"end":{"line":43,"column":null}},"16":{"start":{"line":39,"column":25},"end":{"line":39,"column":null}}},"fnMap":{"0":{"name":"(anonymous_0)","decl":{"start":{"line":10,"column":44},"end":{"line":10,"column":45}},"loc":{"start":{"line":10,"column":65},"end":{"line":47,"column":null}}},"1":{"name":"(anonymous_1)","decl":{"start":{"line":14,"column":12},"end":{"line":14,"column":18}},"loc":{"start":{"line":14,"column":18},"end":{"line":27,"column":5}}},"2":{"name":"(anonymous_2)","decl":{"start":{"line":15,"column":23},"end":{"line":15,"column":35}},"loc":{"start":{"line":15,"column":35},"end":{"line":24,"column":null}}},"3":{"name":"(anonymous_3)","decl":{"start":{"line":35,"column":17},"end":{"line":35,"column":18}},"loc":{"start":{"line":36,"column":8},"end":{"line":43,"column":null}}},"4":{"name":"(anonymous_4)","decl":{"start":{"line":39,"column":19},"end":{"line":39,"column":25}},"loc":{"start":{"line":39,"column":25},"end":{"line":39,"column":null}}}},"branchMap":{"0":{"loc":{"start":{"line":29,"column":2},"end":{"line":31,"column":null}},"type":"if","locations":[{"start":{"line":29,"column":2},"end":{"line":31,"column":null}},{"start":{},"end":{}}]}},"s":{"0":3,"1":8,"2":8,"3":8,"4":6,"5":6,"6":6,"7":2,"8":2,"9":1,"10":1,"11":6,"12":8,"13":6,"14":2,"15":2,"16":0},"f":{"0":8,"1":6,"2":6,"3":2,"4":0},"b":{"0":[6,2]}}
}
