{"C:/Users/DELL/Desktop/Gomailer react/dummy-users-app/src/App.tsx": {"path":"C:/Users/DELL/Desktop/Gomailer react/dummy-users-app/src/App.tsx","statementMap":{"0":{"start":{"line":8,"column":22},"end":{"line":20,"column":null}},"1":{"start":{"line":9,"column":42},"end":{"line":9,"column":null}},"2":{"start":{"line":11,"column":2},"end":{"line":18,"column":null}}},"fnMap":{"0":{"name":"(anonymous_0)","decl":{"start":{"line":8,"column":22},"end":{"line":8,"column":28}},"loc":{"start":{"line":8,"column":28},"end":{"line":20,"column":null}}}},"branchMap":{},"s":{"0":2,"1":3,"2":3},"f":{"0":3},"b":{}}
,"C:/Users/DELL/Desktop/Gomailer react/dummy-users-app/src/main.tsx": {"path":"C:/Users/DELL/Desktop/Gomailer react/dummy-users-app/src/main.tsx","statementMap":{"0":{"start":{"line":6,"column":0},"end":{"line":10,"column":null}}},"fnMap":{},"branchMap":{},"s":{"0":0},"f":{},"b":{}}
,"C:/Users/DELL/Desktop/Gomailer react/dummy-users-app/src/components/UserDetails.tsx": {"path":"C:/Users/DELL/Desktop/Gomailer react/dummy-users-app/src/components/UserDetails.tsx","statementMap":{"0":{"start":{"line":8,"column":48},"end":{"line":22,"column":null}},"1":{"start":{"line":9,"column":2},"end":{"line":11,"column":null}},"2":{"start":{"line":10,"column":4},"end":{"line":10,"column":null}},"3":{"start":{"line":13,"column":2},"end":{"line":20,"column":null}}},"fnMap":{"0":{"name":"(anonymous_0)","decl":{"start":{"line":8,"column":48},"end":{"line":8,"column":49}},"loc":{"start":{"line":8,"column":62},"end":{"line":22,"column":null}}}},"branchMap":{"0":{"loc":{"start":{"line":9,"column":2},"end":{"line":11,"column":null}},"type":"if","locations":[{"start":{"line":9,"column":2},"end":{"line":11,"column":null}},{"start":{},"end":{}}]}},"s":{"0":3,"1":5,"2":4,"3":1},"f":{"0":5},"b":{"0":[4,1]}}
,"C:/Users/DELL/Desktop/Gomailer react/dummy-users-app/src/components/UsersList.tsx": {"path":"C:/Users/DELL/Desktop/Gomailer react/dummy-users-app/src/components/UsersList.tsx","statementMap":{"0":{"start":{"line":9,"column":44},"end":{"line":48,"column":null}},"1":{"start":{"line":10,"column":28},"end":{"line":10,"column":null}},"2":{"start":{"line":11,"column":32},"end":{"line":11,"column":null}},"3":{"start":{"line":13,"column":2},"end":{"line":28,"column":null}},"4":{"start":{"line":14,"column":23},"end":{"line":25,"column":null}},"5":{"start":{"line":15,"column":6},"end":{"line":24,"column":null}},"6":{"start":{"line":16,"column":25},"end":{"line":18,"column":null}},"7":{"start":{"line":19,"column":8},"end":{"line":19,"column":null}},"8":{"start":{"line":20,"column":8},"end":{"line":20,"column":null}},"9":{"start":{"line":22,"column":8},"end":{"line":22,"column":null}},"10":{"start":{"line":23,"column":8},"end":{"line":23,"column":null}},"11":{"start":{"line":27,"column":4},"end":{"line":27,"column":null}},"12":{"start":{"line":30,"column":2},"end":{"line":32,"column":null}},"13":{"start":{"line":31,"column":4},"end":{"line":31,"column":null}},"14":{"start":{"line":34,"column":2},"end":{"line":46,"column":null}},"15":{"start":{"line":37,"column":8},"end":{"line":44,"column":null}},"16":{"start":{"line":40,"column":25},"end":{"line":40,"column":null}}},"fnMap":{"0":{"name":"(anonymous_0)","decl":{"start":{"line":9,"column":44},"end":{"line":9,"column":45}},"loc":{"start":{"line":9,"column":65},"end":{"line":48,"column":null}}},"1":{"name":"(anonymous_1)","decl":{"start":{"line":13,"column":12},"end":{"line":13,"column":18}},"loc":{"start":{"line":13,"column":18},"end":{"line":28,"column":5}}},"2":{"name":"(anonymous_2)","decl":{"start":{"line":14,"column":23},"end":{"line":14,"column":35}},"loc":{"start":{"line":14,"column":35},"end":{"line":25,"column":null}}},"3":{"name":"(anonymous_3)","decl":{"start":{"line":36,"column":17},"end":{"line":36,"column":18}},"loc":{"start":{"line":37,"column":8},"end":{"line":44,"column":null}}},"4":{"name":"(anonymous_4)","decl":{"start":{"line":40,"column":19},"end":{"line":40,"column":25}},"loc":{"start":{"line":40,"column":25},"end":{"line":40,"column":null}}}},"branchMap":{"0":{"loc":{"start":{"line":30,"column":2},"end":{"line":32,"column":null}},"type":"if","locations":[{"start":{"line":30,"column":2},"end":{"line":32,"column":null}},{"start":{},"end":{}}]}},"s":{"0":3,"1":8,"2":8,"3":8,"4":6,"5":6,"6":6,"7":2,"8":2,"9":1,"10":1,"11":6,"12":8,"13":6,"14":2,"15":2,"16":0},"f":{"0":8,"1":6,"2":6,"3":2,"4":0},"b":{"0":[6,2]}}
}
